<?xml version="1.0" encoding="utf-8"?><testsuites name="pytest tests"><testsuite name="pytest" errors="0" failures="0" skipped="0" tests="10" time="4.763" timestamp="2026-09-19T12:15:13.090787+00:00" hostname="agent-env-515dc9a7-0d61-46f2-bb41-31805466b8fc"><testcase classname="backend.tests.test_enquiries" name="test_valid_submission_returns_202" time="0.313" /><testcase classname="backend.tests.test_enquiries" name="test_privacy_false_returns_422" time="0.144" /><testcase classname="backend.tests.test_enquiries" name="test_short_fullname_returns_422" time="0.161" /><testcase classname="backend.tests.test_enquiries" name="test_bad_email_returns_422" time="0.112" /><testcase classname="backend.tests.test_enquiries" name="test_crlf_injection_returns_422" time="0.254" /><testcase classname="backend.tests.test_enquiries" name="test_honeypot_returns_202_but_no_record" time="1.229" /><testcase classname="backend.tests.test_enquiries" name="test_turkish_chars_roundtrip" time="1.235" /><testcase classname="backend.tests.test_enquiries" name="test_admin_requires_token" time="0.276" /><testcase classname="backend.tests.test_enquiries" name="test_admin_returns_items_newest_first_and_email_status" time="0.111" /><testcase classname="backend.tests.test_enquiries" name="test_rate_limit_returns_429_on_sixth" time="0.787" /></testsuite></testsuites>