<?xml version="1.0" encoding="utf-8"?><testsuites name="pytest tests"><testsuite name="pytest" errors="0" failures="0" skipped="0" tests="10" time="4.755" timestamp="2026-09-18T14:15:42.508160+00:00" hostname="agent-env-515dc9a7-0d61-46f2-bb41-31805466b8fc"><testcase classname="backend.tests.test_ingestion_gating.TestImageGating" name="test_all_list_items_cached_local_webp" time="0.236" /><testcase classname="backend.tests.test_ingestion_gating.TestImageGating" name="test_all_list_items_status_published" time="0.000" /><testcase classname="backend.tests.test_ingestion_gating.TestImageGating" name="test_image_source_width_ge_1000" time="0.000" /><testcase classname="backend.tests.test_ingestion_gating.TestImageGating" name="test_image_files_load_200" time="1.770" /><testcase classname="backend.tests.test_ingestion_gating.TestImageGating" name="test_featured_all_cached" time="0.097" /><testcase classname="backend.tests.test_ingestion_gating.TestSourceURLIntegrity" name="test_canonical_urls_reachable" time="2.579" /><testcase classname="backend.tests.test_ingestion_gating.TestCapitalisation" name="test_titles_start_capital" time="0.001" /><testcase classname="backend.tests.test_ingestion_gating.TestCapitalisation" name="test_summaries_start_capital" time="0.000" /><testcase classname="backend.tests.test_ingestion_gating.TestCapitalisation" name="test_summaries_no_midsentence_truncation" time="0.000" /><testcase classname="backend.tests.test_ingestion_gating.TestSnapshotFile" name="test_snapshot_json_exists" time="0.001" /></testsuite></testsuites>