<?xml version="1.0" encoding="utf-8"?><testsuites name="pytest tests"><testsuite name="pytest" errors="0" failures="0" skipped="0" tests="14" time="5.520" timestamp="2026-09-17T15:18:28.057909+00:00" hostname="agent-env-515dc9a7-0d61-46f2-bb41-31805466b8fc"><testcase classname="backend.tests.test_newsroom_api.TestNewsList" name="test_list_default" time="0.286" /><testcase classname="backend.tests.test_newsroom_api.TestNewsList" name="test_sorted_desc" time="0.078" /><testcase classname="backend.tests.test_newsroom_api.TestNewsList" name="test_category_filter" time="0.067" /><testcase classname="backend.tests.test_newsroom_api.TestNewsList" name="test_invalid_category" time="0.068" /><testcase classname="backend.tests.test_newsroom_api.TestNewsList" name="test_limit_500_rejected" time="0.066" /><testcase classname="backend.tests.test_newsroom_api.TestNewsList" name="test_search" time="0.132" /><testcase classname="backend.tests.test_newsroom_api.TestFeatured" name="test_featured_shape" time="0.066" /><testcase classname="backend.tests.test_newsroom_api.TestDetail" name="test_unknown_slug_404" time="0.065" /><testcase classname="backend.tests.test_newsroom_api.TestDetail" name="test_known_slug" time="0.130" /><testcase classname="backend.tests.test_newsroom_api.TestAdminRefresh" name="test_no_token_401" time="0.073" /><testcase classname="backend.tests.test_newsroom_api.TestAdminRefresh" name="test_wrong_token_401" time="0.065" /><testcase classname="backend.tests.test_newsroom_api.TestAdminRefresh" name="test_valid_token_and_dedupe" time="4.185" /><testcase classname="backend.tests.test_newsroom_api.TestSourcesStatus" name="test_status" time="0.072" /><testcase classname="backend.tests.test_newsroom_api.TestDataQuality" name="test_items_quality" time="0.072" /></testsuite></testsuites>